2017/05/25 10:48:19 INFO  - jmeter.util.JMeterUtils: Setting Locale to zh_CN 
2017/05/25 10:48:19 INFO  - jmeter.JMeter: Loading user properties from: G:\sun-workstation\api-autotest\target\jmeter\bin\user.properties 
2017/05/25 10:48:19 INFO  - jmeter.JMeter: Loading system properties from: G:\sun-workstation\api-autotest\target\jmeter\bin\system.properties 
2017/05/25 10:48:19 INFO  - jmeter.JMeter: Copyright (c) 1998-2016 The Apache Software Foundation 
2017/05/25 10:48:19 INFO  - jmeter.JMeter: Version 3.1 r1770033 
2017/05/25 10:48:19 INFO  - jmeter.JMeter: java.version=1.8.0_77 
2017/05/25 10:48:19 INFO  - jmeter.JMeter: java.vm.name=Java HotSpot(TM) 64-Bit Server VM 
2017/05/25 10:48:19 INFO  - jmeter.JMeter: os.name=Windows 7 
2017/05/25 10:48:19 INFO  - jmeter.JMeter: os.arch=amd64 
2017/05/25 10:48:19 INFO  - jmeter.JMeter: os.version=6.1 
2017/05/25 10:48:19 INFO  - jmeter.JMeter: file.encoding=GBK 
2017/05/25 10:48:19 INFO  - jmeter.JMeter: Max memory     =514850816 
2017/05/25 10:48:19 INFO  - jmeter.JMeter: Available Processors =4 
2017/05/25 10:48:19 INFO  - jmeter.JMeter: Default Locale=中文 (中国) 
2017/05/25 10:48:19 INFO  - jmeter.JMeter: JMeter  Locale=中文 (中国) 
2017/05/25 10:48:19 INFO  - jmeter.JMeter: JMeterHome=G:\sun-workstation\api-autotest\target\jmeter 
2017/05/25 10:48:19 INFO  - jmeter.JMeter: user.dir  =G:\sun-workstation\api-autotest\target\jmeter\bin 
2017/05/25 10:48:19 INFO  - jmeter.JMeter: PWD       =G:\sun-workstation\api-autotest\target\jmeter\bin 
2017/05/25 10:48:19 INFO  - jmeter.JMeter: IP: 192.168.20.119 Name: PC20150105001 FullName: PC20150105001.great-tao.com 
2017/05/25 10:48:19 INFO  - jmeter.JMeter: plugin_dependency_paths=../dependencies?? 
2017/05/25 10:48:19 WARN  - jmeter.JMeter: Can't read ../dependencies?? 
2017/05/25 10:48:19 INFO  - jmeter.services.FileServer: Default base='G:\sun-workstation\api-autotest\target\jmeter\bin' 
2017/05/25 10:48:19 INFO  - jmeter.services.FileServer: Set new base='G:\sun-workstation\api-autotest\target\jmeter\testFiles' 
2017/05/25 10:48:19 INFO  - jmeter.save.SaveService: Testplan (JMX) version: 2.2. Testlog (JTL) version: 2.2 
2017/05/25 10:48:19 INFO  - jmeter.save.SaveService: Using SaveService properties file encoding UTF-8 
2017/05/25 10:48:19 INFO  - jmeter.save.SaveService: Using SaveService properties version 2.9 
2017/05/25 10:48:19 WARN  - jmeter.save.SaveService: Bad _version - expected 3.1, found 2.9. 
2017/05/25 10:48:19 INFO  - jmeter.save.SaveService: All converter versions present and correct 
2017/05/25 10:48:19 INFO  - jmeter.save.SaveService: Loading file: G:\sun-workstation\api-autotest\target\jmeter\testFiles\leads.jmx 
2017/05/25 10:48:19 INFO  - jmeter.protocol.http.control.CookieManager: Settings: Delete null: true Check: true Allow variable: true Save: true Prefix: COOKIE_ 
2017/05/25 10:48:19 DEBUG - jmeter.protocol.http.control.CookieManager: Clear all cookies from store 
2017/05/25 10:48:19 INFO  - jmeter.protocol.http.sampler.HTTPSamplerBase: Parser for text/html is org.apache.jmeter.protocol.http.parser.LagartoBasedHtmlParser 
2017/05/25 10:48:19 INFO  - jmeter.protocol.http.sampler.HTTPSamplerBase: Parser for application/xhtml+xml is org.apache.jmeter.protocol.http.parser.LagartoBasedHtmlParser 
2017/05/25 10:48:19 INFO  - jmeter.protocol.http.sampler.HTTPSamplerBase: Parser for application/xml is org.apache.jmeter.protocol.http.parser.LagartoBasedHtmlParser 
2017/05/25 10:48:19 INFO  - jmeter.protocol.http.sampler.HTTPSamplerBase: Parser for text/xml is org.apache.jmeter.protocol.http.parser.LagartoBasedHtmlParser 
2017/05/25 10:48:19 INFO  - jmeter.protocol.http.sampler.HTTPSamplerBase: Parser for text/vnd.wap.wml is org.apache.jmeter.protocol.http.parser.RegexpHTMLParser 
2017/05/25 10:48:19 INFO  - jmeter.protocol.http.sampler.HTTPSamplerBase: Parser for text/css is org.apache.jmeter.protocol.http.parser.CssParser 
2017/05/25 10:48:19 INFO  - jmeter.JMeter: Creating summariser <summary> 
2017/05/25 10:48:19 INFO  - jmeter.engine.StandardJMeterEngine: Running the test! 
2017/05/25 10:48:19 INFO  - jmeter.samplers.SampleEvent: List of sample_variables: [] 
2017/05/25 10:48:19 INFO  - jmeter.samplers.SampleEvent: List of sample_variables: [] 
2017/05/25 10:48:19 INFO  - jmeter.engine.util.CompoundVariable: Note: Function class names must contain the string: '.functions.' 
2017/05/25 10:48:19 INFO  - jmeter.engine.util.CompoundVariable: Note: Function class names must not contain the string: '.gui.' 
2017/05/25 10:48:19 DEBUG - jmeter.protocol.http.control.CookieManager: Clear all cookies from store 
2017/05/25 10:48:19 INFO  - jmeter.testelement.TestPlan: add D:\sunyun\apache-jmeter-3.0\lib\sqljdbc4.jar to classpath 
2017/05/25 10:48:19 INFO  - jmeter.testelement.TestPlan: add D:\sunyun\apache-jmeter-3.0\lib\mysql-connector-java-5.1.35.jar to classpath 
2017/05/25 10:48:19 DEBUG - jmeter.protocol.http.control.CookieManager: Policy: compatibility Clear: false 
2017/05/25 10:48:20 WARN  - jmeter.protocol.mongodb.config.MongoSourceElement: Db has already been defined. 
2017/05/25 10:48:20 INFO  - jmeter.JMeter: 正在运行的测试 (1495680500158) 
2017/05/25 10:48:20 INFO  - jmeter.engine.StandardJMeterEngine: Starting ThreadGroup: 1 : 销售线索 
2017/05/25 10:48:20 INFO  - jmeter.engine.StandardJMeterEngine: Starting 1 threads for group 销售线索. 
2017/05/25 10:48:20 INFO  - jmeter.engine.StandardJMeterEngine: Thread will continue on error 
2017/05/25 10:48:20 INFO  - jmeter.threads.ThreadGroup: Starting thread group number 1 threads 1 ramp-up 1 perThread 1000.0 delayedStart=false 
2017/05/25 10:48:20 DEBUG - jmeter.protocol.http.control.CookieManager: Clear all cookies from store 
2017/05/25 10:48:20 INFO  - jmeter.threads.ThreadGroup: Started thread group number 1 
2017/05/25 10:48:20 INFO  - jmeter.engine.StandardJMeterEngine: All thread groups have been started 
2017/05/25 10:48:20 INFO  - jmeter.threads.JMeterThread: Thread started: 销售线索 1-1 
2017/05/25 10:48:20 INFO  - jmeter.protocol.http.sampler.HTTPJavaImpl: Maximum connection retries = 0 
2017/05/25 10:48:20 INFO  - jmeter.samplers.SampleResult: Note: Sample TimeStamps are START times 
2017/05/25 10:48:20 INFO  - jmeter.samplers.SampleResult: sampleresult.default.encoding is set to utf-8 
2017/05/25 10:48:20 INFO  - jmeter.samplers.SampleResult: sampleresult.useNanoTime=true 
2017/05/25 10:48:20 INFO  - jmeter.samplers.SampleResult: sampleresult.nanoThreadSleep=5000 
2017/05/25 10:48:20 DEBUG - jmeter.protocol.http.control.HC3CookieHandler: Found 0 cookies for http://boss.qa.great-tao.com/ 
2017/05/25 10:48:20 INFO  - jmeter.protocol.http.sampler.HTTPHCAbstractImpl: Local host = PC20150105001 
2017/05/25 10:48:20 INFO  - jmeter.protocol.http.sampler.HTTPHC4Impl: HTTP request retry count = 0 
2017/05/25 10:48:20 DEBUG - jmeter.protocol.http.control.HC3CookieHandler: Found 0 cookies for http://boss.qa.great-tao.com/ 
2017/05/25 10:48:20 INFO  - jmeter.protocol.http.sampler.LazySchemeSocketFactory: Setting up HTTPS TrustAll Socket Factory 
2017/05/25 10:48:20 INFO  - jmeter.util.JsseSSLManager: Using default SSL protocol: TLS 
2017/05/25 10:48:20 INFO  - jmeter.util.JsseSSLManager: SSL session context: per-thread 
2017/05/25 10:48:20 INFO  - jmeter.util.SSLManager: JmeterKeyStore Location:  type JKS 
2017/05/25 10:48:20 INFO  - jmeter.util.SSLManager: KeyStore created OK 
2017/05/25 10:48:20 WARN  - jmeter.util.SSLManager: Keystore file not found, loading empty keystore 
2017/05/25 10:48:20 DEBUG - jmeter.protocol.http.control.HC3CookieHandler: Received Cookie: JSESSIONID=99A5F228EDD419837C9CABE4B44C0EA7; Path=/cas-server/; Secure; HttpOnly From: https://cas.qa.great-tao.com:8443/cas-server/login?service=http://boss.qa.great-tao.com/cas 
2017/05/25 10:48:20 DEBUG - jmeter.protocol.http.control.CookieManager: Add cookie to store cas.qa.great-tao.com	TRUE	/cas-server/	TRUE	0	JSESSIONID	99A5F228EDD419837C9CABE4B44C0EA7 
2017/05/25 10:48:20 DEBUG - jmeter.protocol.http.control.HC3CookieHandler: Found 1 cookies for https://cas.qa.great-tao.com:8443/cas-server/login;jsessionid=99A5F228EDD419837C9CABE4B44C0EA7 
2017/05/25 10:48:20 DEBUG - jmeter.protocol.http.control.HC3CookieHandler: Cookie: JSESSIONID=99A5F228EDD419837C9CABE4B44C0EA7 
2017/05/25 10:48:20 DEBUG - jmeter.protocol.http.control.HC3CookieHandler: Received Cookie: CASPRIVACY=""; Path=/cas-server/; Secure From: https://cas.qa.great-tao.com:8443/cas-server/login;jsessionid=99A5F228EDD419837C9CABE4B44C0EA7 
2017/05/25 10:48:20 DEBUG - jmeter.protocol.http.control.CookieManager: Dropping cookie with null value cas.qa.great-tao.com	TRUE	/cas-server/	TRUE	0	CASPRIVACY	 
2017/05/25 10:48:20 DEBUG - jmeter.protocol.http.control.HC3CookieHandler: Received Cookie: CASTGC=TGT-2561-uRlM4ddxB0Gxd9ulcqNLUyIOrO7yKvlr5A6Zbnf55DeTXxT07L-cas; Path=/cas-server/; Secure From: https://cas.qa.great-tao.com:8443/cas-server/login;jsessionid=99A5F228EDD419837C9CABE4B44C0EA7 
2017/05/25 10:48:20 DEBUG - jmeter.protocol.http.control.CookieManager: Add cookie to store cas.qa.great-tao.com	TRUE	/cas-server/	TRUE	0	CASTGC	TGT-2561-uRlM4ddxB0Gxd9ulcqNLUyIOrO7yKvlr5A6Zbnf55DeTXxT07L-cas 
2017/05/25 10:48:20 DEBUG - jmeter.protocol.http.control.HC3CookieHandler: Found 0 cookies for http://boss.qa.great-tao.com/cas;jsessionid=0163E70AA449C5936077E40BC4E626EB?ticket=ST-8535-W5qzfCYsXrhikc4Bsdf6-cas 
2017/05/25 10:48:21 DEBUG - jmeter.protocol.http.control.HC3CookieHandler: Found 0 cookies for http://boss.qa.great-tao.com/boss-creditcard-web//desktop/dashboard 
2017/05/25 10:48:21 DEBUG - jmeter.protocol.http.control.HC3CookieHandler: Received Cookie: JSESSIONID=4CFD00F8A88170913FCB4C52B4D4BEF8; Path=/boss-creditcard-web/; HttpOnly From: http://boss.qa.great-tao.com/boss-creditcard-web//desktop/dashboard 
2017/05/25 10:48:21 DEBUG - jmeter.protocol.http.control.CookieManager: Add cookie to store boss.qa.great-tao.com	TRUE	/boss-creditcard-web/	FALSE	0	JSESSIONID	4CFD00F8A88170913FCB4C52B4D4BEF8 
2017/05/25 10:48:21 DEBUG - jmeter.protocol.http.control.HC3CookieHandler: Found 2 cookies for https://cas.qa.great-tao.com:8443/cas-server/login?service=http://boss.qa.great-tao.com/boss-creditcard-web/cas 
2017/05/25 10:48:21 DEBUG - jmeter.protocol.http.control.HC3CookieHandler: Cookie: JSESSIONID=99A5F228EDD419837C9CABE4B44C0EA7; CASTGC=TGT-2561-uRlM4ddxB0Gxd9ulcqNLUyIOrO7yKvlr5A6Zbnf55DeTXxT07L-cas 
2017/05/25 10:48:21 DEBUG - jmeter.protocol.http.control.HC3CookieHandler: Found 1 cookies for http://boss.qa.great-tao.com/boss-creditcard-web/cas?ticket=ST-8536-0JeWi1C2sDNNAQdMx4yp-cas 
2017/05/25 10:48:21 DEBUG - jmeter.protocol.http.control.HC3CookieHandler: Cookie: JSESSIONID=4CFD00F8A88170913FCB4C52B4D4BEF8 
2017/05/25 10:48:21 DEBUG - jmeter.protocol.http.control.HC3CookieHandler: Received Cookie: rememberMe=deleteMe; Path=/boss-creditcard-web; Max-Age=0; Expires=Wed, 24-May-2017 02:50:06 GMT From: http://boss.qa.great-tao.com/boss-creditcard-web/cas?ticket=ST-8536-0JeWi1C2sDNNAQdMx4yp-cas 
2017/05/25 10:48:21 DEBUG - jmeter.protocol.http.control.HC3CookieHandler: Dropping expired Cookie: boss.qa.great-tao.com	TRUE	/boss-creditcard-web	FALSE	1495594206	rememberMe	deleteMe 
2017/05/25 10:48:21 DEBUG - jmeter.protocol.http.control.HC3CookieHandler: Found 1 cookies for http://boss.qa.great-tao.com/boss-creditcard-web//desktop/dashboard 
2017/05/25 10:48:21 DEBUG - jmeter.protocol.http.control.HC3CookieHandler: Cookie: JSESSIONID=4CFD00F8A88170913FCB4C52B4D4BEF8 
2017/05/25 10:48:21 DEBUG - jmeter.protocol.http.control.HC3CookieHandler: Found 0 cookies for http://boss.qa.great-tao.com/boss-leads-web/leads/add 
2017/05/25 10:48:21 DEBUG - jmeter.protocol.http.control.HC3CookieHandler: Received Cookie: JSESSIONID=0D461BFE214BDE530DC8521E6C40A503; Path=/boss-leads-web/; HttpOnly From: http://boss.qa.great-tao.com/boss-leads-web/leads/add 
2017/05/25 10:48:21 DEBUG - jmeter.protocol.http.control.CookieManager: Add cookie to store boss.qa.great-tao.com	TRUE	/boss-leads-web/	FALSE	0	JSESSIONID	0D461BFE214BDE530DC8521E6C40A503 
2017/05/25 10:48:21 DEBUG - jmeter.protocol.http.control.HC3CookieHandler: Found 2 cookies for https://cas.qa.great-tao.com:8443/cas-server/login?service=http://boss.qa.great-tao.com/boss-leads-web/cas 
2017/05/25 10:48:21 DEBUG - jmeter.protocol.http.control.HC3CookieHandler: Cookie: JSESSIONID=99A5F228EDD419837C9CABE4B44C0EA7; CASTGC=TGT-2561-uRlM4ddxB0Gxd9ulcqNLUyIOrO7yKvlr5A6Zbnf55DeTXxT07L-cas 
2017/05/25 10:48:21 DEBUG - jmeter.protocol.http.control.HC3CookieHandler: Found 1 cookies for http://boss.qa.great-tao.com/boss-leads-web/cas?ticket=ST-8537-ReVRALYMGA5SDCBbcmsT-cas 
2017/05/25 10:48:21 DEBUG - jmeter.protocol.http.control.HC3CookieHandler: Cookie: JSESSIONID=0D461BFE214BDE530DC8521E6C40A503 
2017/05/25 10:48:21 DEBUG - jmeter.protocol.http.control.HC3CookieHandler: Received Cookie: rememberMe=deleteMe; Path=/boss-leads-web; Max-Age=0; Expires=Wed, 24-May-2017 02:50:56 GMT From: http://boss.qa.great-tao.com/boss-leads-web/cas?ticket=ST-8537-ReVRALYMGA5SDCBbcmsT-cas 
2017/05/25 10:48:21 DEBUG - jmeter.protocol.http.control.HC3CookieHandler: Dropping expired Cookie: boss.qa.great-tao.com	TRUE	/boss-leads-web	FALSE	1495594256	rememberMe	deleteMe 
2017/05/25 10:48:21 DEBUG - jmeter.protocol.http.control.HC3CookieHandler: Found 1 cookies for http://boss.qa.great-tao.com/boss-leads-web//leads/add 
2017/05/25 10:48:21 DEBUG - jmeter.protocol.http.control.HC3CookieHandler: Cookie: JSESSIONID=0D461BFE214BDE530DC8521E6C40A503 
2017/05/25 10:48:21 DEBUG - jmeter.protocol.http.control.HC3CookieHandler: Found 1 cookies for http://boss.qa.great-tao.com/boss-leads-web/leads/add 
2017/05/25 10:48:21 DEBUG - jmeter.protocol.http.control.HC3CookieHandler: Cookie: JSESSIONID=0D461BFE214BDE530DC8521E6C40A503 
2017/05/25 10:48:22 DEBUG - jmeter.protocol.http.control.HC3CookieHandler: Received Cookie: JSESSIONID=FADDDBB7A696F6FC432F4561CEB1B00D; Path=/boss-leads-web/; HttpOnly From: http://boss.qa.great-tao.com/boss-leads-web/leads/add 
2017/05/25 10:48:22 DEBUG - jmeter.protocol.http.control.CookieManager: New Cookie = boss.qa.great-tao.com	TRUE	/boss-leads-web/	FALSE	0	JSESSIONID	FADDDBB7A696F6FC432F4561CEB1B00D removing matching Cookie boss.qa.great-tao.com	TRUE	/boss-leads-web/	FALSE	0	JSESSIONID	0D461BFE214BDE530DC8521E6C40A503 
2017/05/25 10:48:22 DEBUG - jmeter.protocol.http.control.CookieManager: Add cookie to store boss.qa.great-tao.com	TRUE	/boss-leads-web/	FALSE	0	JSESSIONID	FADDDBB7A696F6FC432F4561CEB1B00D 
2017/05/25 10:48:22 DEBUG - jmeter.protocol.http.control.HC3CookieHandler: Found 1 cookies for http://boss.qa.great-tao.com/boss-leads-web/leads/list.json?pageSize=10&pageNum=1&type=&status=&receiver=&createTimeBeg=&createTimeEnd=&_=1487678172460 
2017/05/25 10:48:22 DEBUG - jmeter.protocol.http.control.HC3CookieHandler: Cookie: JSESSIONID=FADDDBB7A696F6FC432F4561CEB1B00D 
2017/05/25 10:48:22 DEBUG - jmeter.protocol.http.control.HC3CookieHandler: Found 2 cookies for https://cas.qa.great-tao.com:8443/cas-server/login?service=http://boss.qa.great-tao.com/boss-leads-web/cas 
2017/05/25 10:48:22 DEBUG - jmeter.protocol.http.control.HC3CookieHandler: Cookie: JSESSIONID=99A5F228EDD419837C9CABE4B44C0EA7; CASTGC=TGT-2561-uRlM4ddxB0Gxd9ulcqNLUyIOrO7yKvlr5A6Zbnf55DeTXxT07L-cas 
2017/05/25 10:48:22 DEBUG - jmeter.protocol.http.control.HC3CookieHandler: Found 1 cookies for http://boss.qa.great-tao.com/boss-leads-web/cas?ticket=ST-8538-NuI0bcUNsPOHd5Nngc7z-cas 
2017/05/25 10:48:22 DEBUG - jmeter.protocol.http.control.HC3CookieHandler: Cookie: JSESSIONID=FADDDBB7A696F6FC432F4561CEB1B00D 
2017/05/25 10:48:22 DEBUG - jmeter.protocol.http.control.HC3CookieHandler: Received Cookie: rememberMe=deleteMe; Path=/boss-leads-web; Max-Age=0; Expires=Wed, 24-May-2017 02:50:56 GMT From: http://boss.qa.great-tao.com/boss-leads-web/cas?ticket=ST-8538-NuI0bcUNsPOHd5Nngc7z-cas 
2017/05/25 10:48:22 DEBUG - jmeter.protocol.http.control.HC3CookieHandler: Dropping expired Cookie: boss.qa.great-tao.com	TRUE	/boss-leads-web	FALSE	1495594256	rememberMe	deleteMe 
2017/05/25 10:48:22 DEBUG - jmeter.protocol.http.control.HC3CookieHandler: Found 1 cookies for http://boss.qa.great-tao.com/boss-leads-web//leads/list.json?pageSize=10&pageNum=1&type=&status=&receiver=&createTimeBeg=&createTimeEnd=&_=1487678172460 
2017/05/25 10:48:22 DEBUG - jmeter.protocol.http.control.HC3CookieHandler: Cookie: JSESSIONID=FADDDBB7A696F6FC432F4561CEB1B00D 
2017/05/25 10:48:22 DEBUG - jmeter.protocol.http.control.HC3CookieHandler: Found 1 cookies for http://boss.qa.great-tao.com/boss-leads-web/leads/director/list.json?pageSize=10&pageNum=1&type=&status=&source=&receiver=&releaser=&createTimeBeg=&createTimeEnd=&distributeTimeBeg=&distributeTimeEnd=&_=1487678514169 
2017/05/25 10:48:22 DEBUG - jmeter.protocol.http.control.HC3CookieHandler: Cookie: JSESSIONID=FADDDBB7A696F6FC432F4561CEB1B00D 
2017/05/25 10:48:23 DEBUG - jmeter.protocol.http.control.HC3CookieHandler: Found 1 cookies for http://boss.qa.great-tao.com/boss-leads-web/leads/director/distribute?leadsId=3768 
2017/05/25 10:48:23 DEBUG - jmeter.protocol.http.control.HC3CookieHandler: Cookie: JSESSIONID=FADDDBB7A696F6FC432F4561CEB1B00D 
2017/05/25 10:48:23 DEBUG - jmeter.protocol.http.control.HC3CookieHandler: Found 1 cookies for http://boss.qa.great-tao.com/boss-leads-web/leads/director/distribute.json 
2017/05/25 10:48:23 DEBUG - jmeter.protocol.http.control.HC3CookieHandler: Cookie: JSESSIONID=FADDDBB7A696F6FC432F4561CEB1B00D 
2017/05/25 10:48:23 DEBUG - jmeter.protocol.http.control.HC3CookieHandler: Found 1 cookies for http://boss.qa.great-tao.com/boss-leads-web/leads/director/list.json?pageSize=10&pageNum=1&type=&status=&source=&receiver=&releaser=&createTimeBeg=&createTimeEnd=&distributeTimeBeg=&distributeTimeEnd=&leadsNo=&_=1493112411262 
2017/05/25 10:48:23 DEBUG - jmeter.protocol.http.control.HC3CookieHandler: Cookie: JSESSIONID=FADDDBB7A696F6FC432F4561CEB1B00D 
2017/05/25 10:48:23 DEBUG - jmeter.protocol.http.control.HC3CookieHandler: Found 1 cookies for http://boss.qa.great-tao.com/boss-leads-web/leads/receiver/integrity?pageSize=10&pageNum=1&beginTime=&endTime=&source=&status=&type=integrity&leadsNo=&_=1493195407504 
2017/05/25 10:48:23 DEBUG - jmeter.protocol.http.control.HC3CookieHandler: Cookie: JSESSIONID=FADDDBB7A696F6FC432F4561CEB1B00D 
2017/05/25 10:48:23 DEBUG - jmeter.protocol.http.control.HC3CookieHandler: Found 1 cookies for http://boss.qa.great-tao.com/boss-leads-web/leads/receiver/detail/3768 
2017/05/25 10:48:23 DEBUG - jmeter.protocol.http.control.HC3CookieHandler: Cookie: JSESSIONID=FADDDBB7A696F6FC432F4561CEB1B00D 
2017/05/25 10:48:24 DEBUG - jmeter.protocol.http.control.HC3CookieHandler: Found 0 cookies for http://encrm.qa.great-tao.com/overseas_customer/check 
2017/05/25 10:48:24 DEBUG - jmeter.protocol.http.control.HC3CookieHandler: Received Cookie: JSESSIONID=40E5EAB025B05FF89F7D4677EDD00CF7; Path=/; HttpOnly From: http://encrm.qa.great-tao.com/overseas_customer/check 
2017/05/25 10:48:24 DEBUG - jmeter.protocol.http.control.CookieManager: Add cookie to store encrm.qa.great-tao.com	TRUE	/	FALSE	0	JSESSIONID	40E5EAB025B05FF89F7D4677EDD00CF7 
2017/05/25 10:48:24 DEBUG - jmeter.protocol.http.control.HC3CookieHandler: Found 2 cookies for https://cas.qa.great-tao.com:8443/cas-server/login?service=http://encrm.qa.great-tao.com/cas 
2017/05/25 10:48:24 DEBUG - jmeter.protocol.http.control.HC3CookieHandler: Cookie: JSESSIONID=99A5F228EDD419837C9CABE4B44C0EA7; CASTGC=TGT-2561-uRlM4ddxB0Gxd9ulcqNLUyIOrO7yKvlr5A6Zbnf55DeTXxT07L-cas 
2017/05/25 10:48:24 DEBUG - jmeter.protocol.http.control.HC3CookieHandler: Found 1 cookies for http://encrm.qa.great-tao.com/cas?ticket=ST-8539-2rDUUXECaoxeEdzmyNyF-cas 
2017/05/25 10:48:24 DEBUG - jmeter.protocol.http.control.HC3CookieHandler: Cookie: JSESSIONID=40E5EAB025B05FF89F7D4677EDD00CF7 
2017/05/25 10:48:24 DEBUG - jmeter.protocol.http.control.HC3CookieHandler: Received Cookie: rememberMe=deleteMe; Path=/; Max-Age=0; Expires=Wed, 24-May-2017 02:50:58 GMT From: http://encrm.qa.great-tao.com/cas?ticket=ST-8539-2rDUUXECaoxeEdzmyNyF-cas 
2017/05/25 10:48:24 DEBUG - jmeter.protocol.http.control.HC3CookieHandler: Dropping expired Cookie: encrm.qa.great-tao.com	TRUE	/	FALSE	1495594258	rememberMe	deleteMe 
2017/05/25 10:48:24 DEBUG - jmeter.protocol.http.control.HC3CookieHandler: Found 1 cookies for http://encrm.qa.great-tao.com/overseas_customer/check 
2017/05/25 10:48:24 DEBUG - jmeter.protocol.http.control.HC3CookieHandler: Cookie: JSESSIONID=40E5EAB025B05FF89F7D4677EDD00CF7 
2017/05/25 10:48:24 DEBUG - jmeter.protocol.http.control.HC3CookieHandler: Found 1 cookies for http://encrm.qa.great-tao.com/overseas_customer/check 
2017/05/25 10:48:24 DEBUG - jmeter.protocol.http.control.HC3CookieHandler: Cookie: JSESSIONID=40E5EAB025B05FF89F7D4677EDD00CF7 
2017/05/25 10:48:24 DEBUG - jmeter.protocol.http.control.HC3CookieHandler: Found 1 cookies for http://encrm.qa.great-tao.com/overseas_customer/init?enterpriseName=自动创建_93892&telephoneAreaCode=&telephoneNumber=&mobilePhoneNumber=&email=&webSite=&fax= 
2017/05/25 10:48:24 DEBUG - jmeter.protocol.http.control.HC3CookieHandler: Cookie: JSESSIONID=40E5EAB025B05FF89F7D4677EDD00CF7 
2017/05/25 10:48:24 DEBUG - jmeter.protocol.http.control.HC3CookieHandler: Found 1 cookies for http://encrm.qa.great-tao.com/overseas_customer/check4customer 
2017/05/25 10:48:24 DEBUG - jmeter.protocol.http.control.HC3CookieHandler: Cookie: JSESSIONID=40E5EAB025B05FF89F7D4677EDD00CF7 
2017/05/25 10:48:24 DEBUG - jmeter.protocol.http.control.HC3CookieHandler: Found 1 cookies for http://encrm.qa.great-tao.com/overseas_customer 
2017/05/25 10:48:24 DEBUG - jmeter.protocol.http.control.HC3CookieHandler: Cookie: JSESSIONID=40E5EAB025B05FF89F7D4677EDD00CF7 
2017/05/25 10:48:24 DEBUG - jmeter.protocol.http.control.HC3CookieHandler: Found 1 cookies for http://encrm.qa.great-tao.com/contact/check 
2017/05/25 10:48:24 DEBUG - jmeter.protocol.http.control.HC3CookieHandler: Cookie: JSESSIONID=40E5EAB025B05FF89F7D4677EDD00CF7 
2017/05/25 10:48:24 DEBUG - jmeter.protocol.http.control.HC3CookieHandler: Found 1 cookies for http://encrm.qa.great-tao.com/overseas_customer/me/1551/edit?p=contact 
2017/05/25 10:48:24 DEBUG - jmeter.protocol.http.control.HC3CookieHandler: Cookie: JSESSIONID=40E5EAB025B05FF89F7D4677EDD00CF7 
2017/05/25 10:48:24 DEBUG - jmeter.protocol.http.control.HC3CookieHandler: Found 1 cookies for http://encrm.qa.great-tao.com/overseas_customer/me/page 
2017/05/25 10:48:24 DEBUG - jmeter.protocol.http.control.HC3CookieHandler: Cookie: JSESSIONID=40E5EAB025B05FF89F7D4677EDD00CF7 
2017/05/25 10:48:24 DEBUG - jmeter.protocol.http.control.HC3CookieHandler: Found 1 cookies for http://boss.qa.great-tao.com/boss-leads-web/leads/purchaser?limit=10&offset=1&param=&_=1493185184520 
2017/05/25 10:48:24 DEBUG - jmeter.protocol.http.control.HC3CookieHandler: Cookie: JSESSIONID=FADDDBB7A696F6FC432F4561CEB1B00D 
2017/05/25 10:48:25 DEBUG - jmeter.protocol.http.control.HC3CookieHandler: Found 1 cookies for http://boss.qa.great-tao.com/boss-leads-web/leads/purchaser 
2017/05/25 10:48:25 DEBUG - jmeter.protocol.http.control.HC3CookieHandler: Cookie: JSESSIONID=FADDDBB7A696F6FC432F4561CEB1B00D 
2017/05/25 10:48:25 DEBUG - jmeter.protocol.http.control.HC3CookieHandler: Found 1 cookies for http://boss.qa.great-tao.com/boss-leads-web/leads/followup/3768 
2017/05/25 10:48:25 DEBUG - jmeter.protocol.http.control.HC3CookieHandler: Cookie: JSESSIONID=FADDDBB7A696F6FC432F4561CEB1B00D 
2017/05/25 10:48:25 DEBUG - jmeter.protocol.http.control.HC3CookieHandler: Found 1 cookies for http://boss.qa.great-tao.com/boss-leads-web/leads/followup 
2017/05/25 10:48:25 DEBUG - jmeter.protocol.http.control.HC3CookieHandler: Cookie: JSESSIONID=FADDDBB7A696F6FC432F4561CEB1B00D 
2017/05/25 10:48:25 DEBUG - jmeter.protocol.http.control.HC3CookieHandler: Found 1 cookies for http://boss.qa.great-tao.com/boss-leads-web/integrity/order/add?leadsId=3768 
2017/05/25 10:48:25 DEBUG - jmeter.protocol.http.control.HC3CookieHandler: Cookie: JSESSIONID=FADDDBB7A696F6FC432F4561CEB1B00D 
2017/05/25 10:48:25 DEBUG - jmeter.protocol.http.control.HC3CookieHandler: Found 1 cookies for http://boss.qa.great-tao.com/boss-leads-web/integrity/order/add 
2017/05/25 10:48:25 DEBUG - jmeter.protocol.http.control.HC3CookieHandler: Cookie: JSESSIONID=FADDDBB7A696F6FC432F4561CEB1B00D 
2017/05/25 10:48:26 DEBUG - jmeter.protocol.http.control.HC3CookieHandler: Found 1 cookies for http://boss.qa.great-tao.com/boss-leads-web/leads/receiver/detail/3768 
2017/05/25 10:48:26 DEBUG - jmeter.protocol.http.control.HC3CookieHandler: Cookie: JSESSIONID=FADDDBB7A696F6FC432F4561CEB1B00D 
2017/05/25 10:48:26 DEBUG - jmeter.protocol.http.control.HC3CookieHandler: Found 1 cookies for http://boss.qa.great-tao.com/boss-leads-web/integrity/financial/audit/page/json/0?pageSize=10&pageNum=1&company=&createTimeBeg=&createTimeEnd=&createusername=&_=1493198712400 
2017/05/25 10:48:26 DEBUG - jmeter.protocol.http.control.HC3CookieHandler: Cookie: JSESSIONID=FADDDBB7A696F6FC432F4561CEB1B00D 
2017/05/25 10:48:27 DEBUG - jmeter.protocol.http.control.HC3CookieHandler: Found 1 cookies for http://boss.qa.great-tao.com/boss-leads-web/integrity/financial/audit/detail?integrity_orderid=143 
2017/05/25 10:48:27 DEBUG - jmeter.protocol.http.control.HC3CookieHandler: Cookie: JSESSIONID=FADDDBB7A696F6FC432F4561CEB1B00D 
2017/05/25 10:48:27 DEBUG - jmeter.protocol.http.control.HC3CookieHandler: Found 1 cookies for http://boss.qa.great-tao.com/boss-leads-web/integrity/financial/audit 
2017/05/25 10:48:27 DEBUG - jmeter.protocol.http.control.HC3CookieHandler: Cookie: JSESSIONID=FADDDBB7A696F6FC432F4561CEB1B00D 
2017/05/25 10:48:27 DEBUG - jmeter.protocol.http.control.HC3CookieHandler: Found 1 cookies for http://boss.qa.great-tao.com/boss-leads-web/integrity/mc/audit/page/json/1?pageSize=10&pageNum=1&company=&createTimeBeg=&createTimeEnd=&createusername= 
2017/05/25 10:48:27 DEBUG - jmeter.protocol.http.control.HC3CookieHandler: Cookie: JSESSIONID=FADDDBB7A696F6FC432F4561CEB1B00D 
2017/05/25 10:48:27 DEBUG - jmeter.protocol.http.control.HC3CookieHandler: Found 1 cookies for http://boss.qa.great-tao.com/boss-leads-web/integrity/mc/audit/detail?integrity_orderid=143 
2017/05/25 10:48:27 DEBUG - jmeter.protocol.http.control.HC3CookieHandler: Cookie: JSESSIONID=FADDDBB7A696F6FC432F4561CEB1B00D 
2017/05/25 10:48:28 DEBUG - jmeter.protocol.http.control.HC3CookieHandler: Found 1 cookies for http://boss.qa.great-tao.com/boss-leads-web/integrity/gttown/enterprise/relation/page/json?pageSize=10&pageNum=1&enterpriseName=&role=1 
2017/05/25 10:48:28 DEBUG - jmeter.protocol.http.control.HC3CookieHandler: Cookie: JSESSIONID=FADDDBB7A696F6FC432F4561CEB1B00D 
2017/05/25 10:48:28 DEBUG - jmeter.protocol.http.control.HC3CookieHandler: Found 0 cookies for http://account.qa.egtcp.com/egtcp/register?origin=gttown 
2017/05/25 10:48:28 DEBUG - jmeter.protocol.http.control.HC3CookieHandler: Received Cookie: sid=bbb16e2c-6d4b-4f9b-98cd-8f4e5009ba67; Domain=.egtcp.com; Path=/ From: http://account.qa.egtcp.com/egtcp/register?origin=gttown 
2017/05/25 10:48:28 DEBUG - jmeter.protocol.http.control.CookieManager: Add cookie to store .egtcp.com	TRUE	/	FALSE	0	sid	bbb16e2c-6d4b-4f9b-98cd-8f4e5009ba67 
2017/05/25 10:48:28 DEBUG - jmeter.protocol.http.control.HC3CookieHandler: Found 1 cookies for http://account.qa.egtcp.com/gttown/emailvalid 
2017/05/25 10:48:28 DEBUG - jmeter.protocol.http.control.HC3CookieHandler: Cookie: sid=bbb16e2c-6d4b-4f9b-98cd-8f4e5009ba67 
2017/05/25 10:48:28 DEBUG - jmeter.protocol.http.control.HC3CookieHandler: Found 1 cookies for http://account.qa.egtcp.com/egtcp/sendemail 
2017/05/25 10:48:28 DEBUG - jmeter.protocol.http.control.HC3CookieHandler: Cookie: sid=bbb16e2c-6d4b-4f9b-98cd-8f4e5009ba67 
2017/05/25 10:48:29 DEBUG - jmeter.protocol.http.control.HC3CookieHandler: Found 1 cookies for http://account.qa.egtcp.com/egtcp/register 
2017/05/25 10:48:29 DEBUG - jmeter.protocol.http.control.HC3CookieHandler: Cookie: sid=bbb16e2c-6d4b-4f9b-98cd-8f4e5009ba67 
2017/05/25 10:48:29 DEBUG - jmeter.protocol.http.control.HC3CookieHandler: Found 1 cookies for https://login.qa.egtcp.com:8443/cas-server/registerLogin?registercode=GTTOWN_USER_20170525105011055&service=http://account.qa.egtcp.com/cas?returnUrl=http://enterprise.qa.egtcp.com/gttown/buyer/join&origin=gttown 
2017/05/25 10:48:29 DEBUG - jmeter.protocol.http.control.HC3CookieHandler: Cookie: sid=bbb16e2c-6d4b-4f9b-98cd-8f4e5009ba67 
2017/05/25 10:48:29 DEBUG - jmeter.protocol.http.control.HC3CookieHandler: Received Cookie: CASTGC=TGT-1988-jvMSy3aGcp3FLwaccCmbixCng2XGgt5hMi4DVp51LXPykuYM7X-cas; Path=/cas-server/ From: https://login.qa.egtcp.com:8443/cas-server/registerLogin?registercode=GTTOWN_USER_20170525105011055&service=http://account.qa.egtcp.com/cas?returnUrl=http://enterprise.qa.egtcp.com/gttown/buyer/join&origin=gttown 
2017/05/25 10:48:29 DEBUG - jmeter.protocol.http.control.CookieManager: Add cookie to store login.qa.egtcp.com	TRUE	/cas-server/	FALSE	0	CASTGC	TGT-1988-jvMSy3aGcp3FLwaccCmbixCng2XGgt5hMi4DVp51LXPykuYM7X-cas 
2017/05/25 10:48:29 DEBUG - jmeter.protocol.http.control.HC3CookieHandler: Found 2 cookies for https://login.qa.egtcp.com:8443/cas-server/login?service=http://account.qa.egtcp.com/cas?returnUrl=http://enterprise.qa.egtcp.com/gttown/buyer/join 
2017/05/25 10:48:29 DEBUG - jmeter.protocol.http.control.HC3CookieHandler: Cookie: CASTGC=TGT-1988-jvMSy3aGcp3FLwaccCmbixCng2XGgt5hMi4DVp51LXPykuYM7X-cas; sid=bbb16e2c-6d4b-4f9b-98cd-8f4e5009ba67 
2017/05/25 10:48:29 DEBUG - jmeter.protocol.http.control.HC3CookieHandler: Found 1 cookies for http://account.qa.egtcp.com/cas?returnUrl=http://enterprise.qa.egtcp.com/gttown/buyer/join&ticket=ST-2680-bbtRN74r7tqIMbwe90RA-cas 
2017/05/25 10:48:29 DEBUG - jmeter.protocol.http.control.HC3CookieHandler: Cookie: sid=bbb16e2c-6d4b-4f9b-98cd-8f4e5009ba67 
2017/05/25 10:48:29 DEBUG - jmeter.protocol.http.control.HC3CookieHandler: Received Cookie: sid_rememberMe=deleteMe; Domain=.egtcp.com; Path=/; Max-Age=0; Expires=Wed, 24-May-2017 02:50:11 GMT From: http://account.qa.egtcp.com/cas?returnUrl=http://enterprise.qa.egtcp.com/gttown/buyer/join&ticket=ST-2680-bbtRN74r7tqIMbwe90RA-cas 
2017/05/25 10:48:29 DEBUG - jmeter.protocol.http.control.HC3CookieHandler: Dropping expired Cookie: .egtcp.com	TRUE	/	FALSE	1495594211	sid_rememberMe	deleteMe 
2017/05/25 10:48:29 DEBUG - jmeter.protocol.http.control.HC3CookieHandler: Found 1 cookies for http://enterprise.qa.egtcp.com/gttown/buyer/join?token=bbb16e2c-6d4b-4f9b-98cd-8f4e5009ba67 
2017/05/25 10:48:29 DEBUG - jmeter.protocol.http.control.HC3CookieHandler: Cookie: sid=bbb16e2c-6d4b-4f9b-98cd-8f4e5009ba67 
2017/05/25 10:48:30 INFO  - jmeter.reporters.Summariser: summary +     46 in 00:00:10 =    4.6/s Avg:   207 Min:     3 Max:   830 Err:     0 (0.00%) Active: 1 Started: 1 Finished: 0 
2017/05/25 10:48:30 DEBUG - jmeter.protocol.http.control.HC3CookieHandler: Found 1 cookies for http://enterprise.qa.egtcp.com/gttown/buyer/join?locale=zh_CN 
2017/05/25 10:48:30 DEBUG - jmeter.protocol.http.control.HC3CookieHandler: Cookie: sid=bbb16e2c-6d4b-4f9b-98cd-8f4e5009ba67 
2017/05/25 10:48:30 DEBUG - jmeter.protocol.http.control.HC3CookieHandler: Found 1 cookies for http://enterprise.qa.egtcp.com/gttown/buyer/join/success?returnURL= 
2017/05/25 10:48:30 DEBUG - jmeter.protocol.http.control.HC3CookieHandler: Cookie: sid=bbb16e2c-6d4b-4f9b-98cd-8f4e5009ba67 
2017/05/25 10:48:30 DEBUG - jmeter.protocol.http.control.HC3CookieHandler: Found 2 cookies for https://login.qa.egtcp.com:8443/cas-server/login?service=http://qa.egtcp.com/cas?returnUrl=http://app.qa.egtcp.com/buyer/index.html 
2017/05/25 10:48:30 DEBUG - jmeter.protocol.http.control.HC3CookieHandler: Cookie: CASTGC=TGT-1988-jvMSy3aGcp3FLwaccCmbixCng2XGgt5hMi4DVp51LXPykuYM7X-cas; sid=bbb16e2c-6d4b-4f9b-98cd-8f4e5009ba67 
2017/05/25 10:48:30 DEBUG - jmeter.protocol.http.control.HC3CookieHandler: Found 1 cookies for http://qa.egtcp.com/cas?returnUrl=http://app.qa.egtcp.com/buyer/index.html&ticket=ST-2681-bcAPzsus1mBXzkZqymPm-cas 
2017/05/25 10:48:30 DEBUG - jmeter.protocol.http.control.HC3CookieHandler: Cookie: sid=bbb16e2c-6d4b-4f9b-98cd-8f4e5009ba67 
2017/05/25 10:48:31 DEBUG - jmeter.protocol.http.control.HC3CookieHandler: Received Cookie: sid_rememberMe=deleteMe; Domain=.egtcp.com; Path=/; Max-Age=0; Expires=Wed, 24-May-2017 02:50:11 GMT From: http://qa.egtcp.com/cas?returnUrl=http://app.qa.egtcp.com/buyer/index.html&ticket=ST-2681-bcAPzsus1mBXzkZqymPm-cas 
2017/05/25 10:48:31 DEBUG - jmeter.protocol.http.control.HC3CookieHandler: Dropping expired Cookie: .egtcp.com	TRUE	/	FALSE	1495594211	sid_rememberMe	deleteMe 
2017/05/25 10:48:31 DEBUG - jmeter.protocol.http.control.HC3CookieHandler: Found 1 cookies for http://app.qa.egtcp.com/buyer/index.html?token=bbb16e2c-6d4b-4f9b-98cd-8f4e5009ba67 
2017/05/25 10:48:31 DEBUG - jmeter.protocol.http.control.HC3CookieHandler: Cookie: sid=bbb16e2c-6d4b-4f9b-98cd-8f4e5009ba67 
2017/05/25 10:48:31 DEBUG - jmeter.protocol.http.control.HC3CookieHandler: Found 1 cookies for http://app.qa.egtcp.com/buyer/member/certify.html 
2017/05/25 10:48:31 DEBUG - jmeter.protocol.http.control.HC3CookieHandler: Cookie: sid=bbb16e2c-6d4b-4f9b-98cd-8f4e5009ba67 
2017/05/25 10:48:31 DEBUG - jmeter.protocol.http.control.HC3CookieHandler: Found 1 cookies for http://work.qa.egtcp.com/api/enterprise/audit/buyer/auth 
2017/05/25 10:48:31 DEBUG - jmeter.protocol.http.control.HC3CookieHandler: Cookie: sid=bbb16e2c-6d4b-4f9b-98cd-8f4e5009ba67 
2017/05/25 10:48:31 DEBUG - jmeter.protocol.http.control.HC3CookieHandler: Found 1 cookies for http://app.qa.egtcp.com/buyer/index.html 
2017/05/25 10:48:31 DEBUG - jmeter.protocol.http.control.HC3CookieHandler: Cookie: sid=bbb16e2c-6d4b-4f9b-98cd-8f4e5009ba67 
2017/05/25 10:48:32 DEBUG - jmeter.protocol.http.control.HC3CookieHandler: Found 0 cookies for http://boss.qa.great-tao.com/boss-enterprise-web/gttown/buyer/audit/26830/auth?role=cs 
2017/05/25 10:48:32 DEBUG - jmeter.protocol.http.control.HC3CookieHandler: Received Cookie: JSESSIONID=AA174D6D2B9D08A13E5BCC479094F0AD; Path=/boss-enterprise-web/; HttpOnly From: http://boss.qa.great-tao.com/boss-enterprise-web/gttown/buyer/audit/26830/auth?role=cs 
2017/05/25 10:48:32 DEBUG - jmeter.protocol.http.control.CookieManager: Add cookie to store boss.qa.great-tao.com	TRUE	/boss-enterprise-web/	FALSE	0	JSESSIONID	AA174D6D2B9D08A13E5BCC479094F0AD 
2017/05/25 10:48:32 DEBUG - jmeter.protocol.http.control.HC3CookieHandler: Found 2 cookies for https://cas.qa.great-tao.com:8443/cas-server/login?service=http://boss.qa.great-tao.com/boss-enterprise-web/cas 
2017/05/25 10:48:32 DEBUG - jmeter.protocol.http.control.HC3CookieHandler: Cookie: JSESSIONID=99A5F228EDD419837C9CABE4B44C0EA7; CASTGC=TGT-2561-uRlM4ddxB0Gxd9ulcqNLUyIOrO7yKvlr5A6Zbnf55DeTXxT07L-cas 
2017/05/25 10:48:32 DEBUG - jmeter.protocol.http.control.HC3CookieHandler: Found 1 cookies for http://boss.qa.great-tao.com/boss-enterprise-web/cas?ticket=ST-8540-cy1PtMyfSRwPcvklgghl-cas 
2017/05/25 10:48:32 DEBUG - jmeter.protocol.http.control.HC3CookieHandler: Cookie: JSESSIONID=AA174D6D2B9D08A13E5BCC479094F0AD 
2017/05/25 10:48:32 DEBUG - jmeter.protocol.http.control.HC3CookieHandler: Received Cookie: rememberMe=deleteMe; Path=/boss-enterprise-web; Max-Age=0; Expires=Wed, 24-May-2017 02:50:17 GMT From: http://boss.qa.great-tao.com/boss-enterprise-web/cas?ticket=ST-8540-cy1PtMyfSRwPcvklgghl-cas 
2017/05/25 10:48:32 DEBUG - jmeter.protocol.http.control.HC3CookieHandler: Dropping expired Cookie: boss.qa.great-tao.com	TRUE	/boss-enterprise-web	FALSE	1495594217	rememberMe	deleteMe 
2017/05/25 10:48:32 DEBUG - jmeter.protocol.http.control.HC3CookieHandler: Found 1 cookies for http://boss.qa.great-tao.com/boss-enterprise-web//gttown/buyer/audit/26830/auth?role=cs 
2017/05/25 10:48:32 DEBUG - jmeter.protocol.http.control.HC3CookieHandler: Cookie: JSESSIONID=AA174D6D2B9D08A13E5BCC479094F0AD 
2017/05/25 10:48:32 DEBUG - jmeter.protocol.http.control.HC3CookieHandler: Found 1 cookies for http://boss.qa.great-tao.com/boss-enterprise-web/gttown/buyer/audit/26830/auth?action=pass 
2017/05/25 10:48:32 DEBUG - jmeter.protocol.http.control.HC3CookieHandler: Cookie: JSESSIONID=AA174D6D2B9D08A13E5BCC479094F0AD 
2017/05/25 10:48:32 DEBUG - jmeter.protocol.http.control.HC3CookieHandler: Found 1 cookies for http://boss.qa.great-tao.com/boss-enterprise-web/page/buyer 
2017/05/25 10:48:32 DEBUG - jmeter.protocol.http.control.HC3CookieHandler: Cookie: JSESSIONID=AA174D6D2B9D08A13E5BCC479094F0AD 
2017/05/25 10:48:33 DEBUG - jmeter.protocol.http.control.HC3CookieHandler: Found 1 cookies for http://boss.qa.great-tao.com/boss-leads-web/integrity/confirmation/relation 
2017/05/25 10:48:33 DEBUG - jmeter.protocol.http.control.HC3CookieHandler: Cookie: JSESSIONID=FADDDBB7A696F6FC432F4561CEB1B00D 
2017/05/25 10:48:33 DEBUG - jmeter.protocol.http.control.HC3CookieHandler: Found 1 cookies for http://boss.qa.great-tao.com/boss-enterprise-web/gttown/buyer/26830/auth/upgrade 
2017/05/25 10:48:33 DEBUG - jmeter.protocol.http.control.HC3CookieHandler: Cookie: JSESSIONID=AA174D6D2B9D08A13E5BCC479094F0AD 
2017/05/25 10:48:33 DEBUG - jmeter.protocol.http.control.HC3CookieHandler: Found 1 cookies for http://boss.qa.great-tao.com/boss-enterprise-web/gttown/buyer/26830/auth/upgrade 
2017/05/25 10:48:33 DEBUG - jmeter.protocol.http.control.HC3CookieHandler: Cookie: JSESSIONID=AA174D6D2B9D08A13E5BCC479094F0AD 
2017/05/25 10:48:33 DEBUG - jmeter.protocol.http.control.HC3CookieHandler: Found 1 cookies for http://boss.qa.great-tao.com/boss-enterprise-web/gttown/buyer/26830/agreement 
2017/05/25 10:48:33 DEBUG - jmeter.protocol.http.control.HC3CookieHandler: Cookie: JSESSIONID=AA174D6D2B9D08A13E5BCC479094F0AD 
2017/05/25 10:48:33 DEBUG - jmeter.protocol.http.control.HC3CookieHandler: Found 1 cookies for http://boss.qa.great-tao.com/boss-enterprise-web/gttown/buyer/26830/agreement 
2017/05/25 10:48:33 DEBUG - jmeter.protocol.http.control.HC3CookieHandler: Cookie: JSESSIONID=AA174D6D2B9D08A13E5BCC479094F0AD 
2017/05/25 10:48:33 DEBUG - jmeter.protocol.http.control.HC3CookieHandler: Found 1 cookies for http://boss.qa.great-tao.com/boss-enterprise-web/page/buyer 
2017/05/25 10:48:33 DEBUG - jmeter.protocol.http.control.HC3CookieHandler: Cookie: JSESSIONID=AA174D6D2B9D08A13E5BCC479094F0AD 
2017/05/25 10:48:34 DEBUG - jmeter.protocol.http.control.HC3CookieHandler: Found 1 cookies for http://boss.qa.great-tao.com/boss-enterprise-web/gttown/buyer/audit/26830/integrity?role=cs 
2017/05/25 10:48:34 DEBUG - jmeter.protocol.http.control.HC3CookieHandler: Cookie: JSESSIONID=AA174D6D2B9D08A13E5BCC479094F0AD 
2017/05/25 10:48:34 DEBUG - jmeter.protocol.http.control.HC3CookieHandler: Found 1 cookies for http://boss.qa.great-tao.com/boss-enterprise-web/gttown/buyer/audit/26830/integrity?action=pass 
2017/05/25 10:48:34 DEBUG - jmeter.protocol.http.control.HC3CookieHandler: Cookie: JSESSIONID=AA174D6D2B9D08A13E5BCC479094F0AD 
2017/05/25 10:48:34 DEBUG - jmeter.protocol.http.control.HC3CookieHandler: Found 1 cookies for http://boss.qa.great-tao.com/boss-enterprise-web/page/buyer 
2017/05/25 10:48:34 DEBUG - jmeter.protocol.http.control.HC3CookieHandler: Cookie: JSESSIONID=AA174D6D2B9D08A13E5BCC479094F0AD 
2017/05/25 10:48:34 DEBUG - jmeter.protocol.http.control.HC3CookieHandler: Found 1 cookies for http://boss.qa.great-tao.com/boss-enterprise-web/buyer/detail?id=26830 
2017/05/25 10:48:34 DEBUG - jmeter.protocol.http.control.HC3CookieHandler: Cookie: JSESSIONID=AA174D6D2B9D08A13E5BCC479094F0AD 
2017/05/25 10:48:34 DEBUG - jmeter.protocol.http.control.HC3CookieHandler: Found 1 cookies for http://boss.qa.great-tao.com/boss-leads-web/leads/desktop/receiver 
2017/05/25 10:48:34 DEBUG - jmeter.protocol.http.control.HC3CookieHandler: Cookie: JSESSIONID=FADDDBB7A696F6FC432F4561CEB1B00D 
2017/05/25 10:48:34 DEBUG - jmeter.protocol.http.control.HC3CookieHandler: Found 1 cookies for http://boss.qa.great-tao.com/boss-leads-web/leads/add?oldLeadsId=3768 
2017/05/25 10:48:34 DEBUG - jmeter.protocol.http.control.HC3CookieHandler: Cookie: JSESSIONID=FADDDBB7A696F6FC432F4561CEB1B00D 
2017/05/25 10:48:35 DEBUG - jmeter.protocol.http.control.HC3CookieHandler: Found 1 cookies for http://boss.qa.great-tao.com/boss-leads-web/leads/add 
2017/05/25 10:48:35 DEBUG - jmeter.protocol.http.control.HC3CookieHandler: Cookie: JSESSIONID=FADDDBB7A696F6FC432F4561CEB1B00D 
2017/05/25 10:48:35 DEBUG - jmeter.protocol.http.control.HC3CookieHandler: Received Cookie: JSESSIONID=3CDEA8234EA72BE2A4CD3BEA3709B537; Path=/boss-leads-web/; HttpOnly From: http://boss.qa.great-tao.com/boss-leads-web/leads/add 
2017/05/25 10:48:35 DEBUG - jmeter.protocol.http.control.CookieManager: New Cookie = boss.qa.great-tao.com	TRUE	/boss-leads-web/	FALSE	0	JSESSIONID	3CDEA8234EA72BE2A4CD3BEA3709B537 removing matching Cookie boss.qa.great-tao.com	TRUE	/boss-leads-web/	FALSE	0	JSESSIONID	FADDDBB7A696F6FC432F4561CEB1B00D 
2017/05/25 10:48:35 DEBUG - jmeter.protocol.http.control.CookieManager: Add cookie to store boss.qa.great-tao.com	TRUE	/boss-leads-web/	FALSE	0	JSESSIONID	3CDEA8234EA72BE2A4CD3BEA3709B537 
2017/05/25 10:48:35 DEBUG - jmeter.protocol.http.control.HC3CookieHandler: Found 1 cookies for http://boss.qa.great-tao.com/boss-leads-web/leads/receiver/detail/3769 
2017/05/25 10:48:35 DEBUG - jmeter.protocol.http.control.HC3CookieHandler: Cookie: JSESSIONID=3CDEA8234EA72BE2A4CD3BEA3709B537 
2017/05/25 10:48:35 DEBUG - jmeter.protocol.http.control.HC3CookieHandler: Found 2 cookies for https://cas.qa.great-tao.com:8443/cas-server/login?service=http://boss.qa.great-tao.com/boss-leads-web/cas 
2017/05/25 10:48:35 DEBUG - jmeter.protocol.http.control.HC3CookieHandler: Cookie: JSESSIONID=99A5F228EDD419837C9CABE4B44C0EA7; CASTGC=TGT-2561-uRlM4ddxB0Gxd9ulcqNLUyIOrO7yKvlr5A6Zbnf55DeTXxT07L-cas 
2017/05/25 10:48:35 DEBUG - jmeter.protocol.http.control.HC3CookieHandler: Found 1 cookies for http://boss.qa.great-tao.com/boss-leads-web/cas?ticket=ST-8541-fTFZO5YcT35nYfbZrRoJ-cas 
2017/05/25 10:48:35 DEBUG - jmeter.protocol.http.control.HC3CookieHandler: Cookie: JSESSIONID=3CDEA8234EA72BE2A4CD3BEA3709B537 
2017/05/25 10:48:35 DEBUG - jmeter.protocol.http.control.HC3CookieHandler: Received Cookie: rememberMe=deleteMe; Path=/boss-leads-web; Max-Age=0; Expires=Wed, 24-May-2017 02:51:10 GMT From: http://boss.qa.great-tao.com/boss-leads-web/cas?ticket=ST-8541-fTFZO5YcT35nYfbZrRoJ-cas 
2017/05/25 10:48:35 DEBUG - jmeter.protocol.http.control.HC3CookieHandler: Dropping expired Cookie: boss.qa.great-tao.com	TRUE	/boss-leads-web	FALSE	1495594270	rememberMe	deleteMe 
2017/05/25 10:48:35 DEBUG - jmeter.protocol.http.control.HC3CookieHandler: Found 1 cookies for http://boss.qa.great-tao.com/boss-leads-web//leads/receiver/detail/3769 
2017/05/25 10:48:35 DEBUG - jmeter.protocol.http.control.HC3CookieHandler: Cookie: JSESSIONID=3CDEA8234EA72BE2A4CD3BEA3709B537 
2017/05/25 10:48:36 DEBUG - jmeter.protocol.http.control.HC3CookieHandler: Found 1 cookies for http://boss.qa.great-tao.com/boss-leads-web/leads/close/3769 
2017/05/25 10:48:36 DEBUG - jmeter.protocol.http.control.HC3CookieHandler: Cookie: JSESSIONID=3CDEA8234EA72BE2A4CD3BEA3709B537 
2017/05/25 10:48:36 DEBUG - jmeter.protocol.http.control.HC3CookieHandler: Found 1 cookies for http://boss.qa.great-tao.com/boss-leads-web/leads/close/3769 
2017/05/25 10:48:36 DEBUG - jmeter.protocol.http.control.HC3CookieHandler: Cookie: JSESSIONID=3CDEA8234EA72BE2A4CD3BEA3709B537 
2017/05/25 10:48:36 DEBUG - jmeter.protocol.http.control.HC3CookieHandler: Found 1 cookies for http://boss.qa.great-tao.com/boss-leads-web/leads/receiver/detail/3769 
2017/05/25 10:48:36 DEBUG - jmeter.protocol.http.control.HC3CookieHandler: Cookie: JSESSIONID=3CDEA8234EA72BE2A4CD3BEA3709B537 
2017/05/25 10:48:36 DEBUG - jmeter.protocol.http.control.HC3CookieHandler: Found 1 cookies for http://boss.qa.great-tao.com/boss-leads-web/leads/desktop/receiver 
2017/05/25 10:48:36 DEBUG - jmeter.protocol.http.control.HC3CookieHandler: Cookie: JSESSIONID=3CDEA8234EA72BE2A4CD3BEA3709B537 
2017/05/25 10:48:36 INFO  - jmeter.threads.JMeterThread: Thread is done: 销售线索 1-1 
2017/05/25 10:48:36 INFO  - jmeter.threads.JMeterThread: Thread finished: 销售线索 1-1 
2017/05/25 10:48:36 INFO  - jmeter.engine.StandardJMeterEngine: Notifying test listeners of end of test 
2017/05/25 10:48:36 WARN  - jmeter.engine.StandardJMeterEngine: Error encountered during shutdown of org.apache.jmeter.protocol.mongodb.config.MongoSourceElement@40ef3420 java.lang.NullPointerException
	at org.apache.jmeter.protocol.mongodb.mongo.MongoDB.clear(MongoDB.java:71)
	at org.apache.jmeter.protocol.mongodb.config.MongoSourceElement.testEnded(MongoSourceElement.java:194)
	at org.apache.jmeter.engine.StandardJMeterEngine.notifyTestListenersOfEnd(StandardJMeterEngine.java:216)
	at org.apache.jmeter.engine.StandardJMeterEngine.run(StandardJMeterEngine.java:437)
	at java.lang.Thread.run(Thread.java:745)

2017/05/25 10:48:36 INFO  - jmeter.reporters.Summariser: summary +     30 in 00:00:07 =    4.4/s Avg:   221 Min:     3 Max:   704 Err:     0 (0.00%) Active: 0 Started: 1 Finished: 1 
2017/05/25 10:48:36 INFO  - jmeter.reporters.Summariser: summary =     76 in 00:00:17 =    4.5/s Avg:   213 Min:     3 Max:   830 Err:     0 (0.00%) 
